OgrenciMezunBilgiSistemiMobilUygulama/app/build/intermediates/manifest_merge_blame_file/release/manifest-merger-blame-release-report.txt
1<?xml version="1.0" encoding="utf-8"?>
2<manifest xmlns:android="http://schemas.android.com/apk/res/android"
3    package="com.ogrencimezunsistemi.nku"
4    android:versionCode="1"
5    android:versionName="1.0" >
6
7    <uses-sdk
8        android:minSdkVersion="14"
8-->src\main\AndroidManifest.xml
9        android:targetSdkVersion="26" />
9-->src\main\AndroidManifest.xml
10
11    <application
11-->src\main\AndroidManifest.xml:7:5-71:19
12        android:name="com.android.ogrencimezunsistemi.context.ApplicationContext"
12-->src\main\AndroidManifest.xml:8:10-83
13        android:allowBackup="true"
13-->src\main\AndroidManifest.xml:9:9-35
14        android:icon="@drawable/ic_launcher"
14-->src\main\AndroidManifest.xml:10:9-45
15        android:label="@string/app_name"
15-->src\main\AndroidManifest.xml:11:9-41
16        android:theme="@style/AppTheme" >
16-->src\main\AndroidManifest.xml:12:9-40
17        <activity
17-->src\main\AndroidManifest.xml:13:9-21:20
18            android:name="com.android.ogrencimezunsistemi.activity.MainActivity"
18-->src\main\AndroidManifest.xml:14:13-81
19            android:label="@string/app_name" >
19-->src\main\AndroidManifest.xml:15:13-45
20            <intent-filter>
20-->src\main\AndroidManifest.xml:16:13-20:29
21                <action android:name="android.intent.action.MAIN" />
21-->src\main\AndroidManifest.xml:17:17-69
21-->src\main\AndroidManifest.xml:17:25-66
22
23                <category android:name="android.intent.category.LAUNCHER" />
23-->src\main\AndroidManifest.xml:19:17-77
23-->src\main\AndroidManifest.xml:19:27-74
24            </intent-filter>
25        </activity>
26        <activity
26-->src\main\AndroidManifest.xml:22:10-25:20
27            android:name="com.android.ogrencimezunsistemi.activity.LoginActivity"
27-->src\main\AndroidManifest.xml:23:13-82
28            android:label="@string/app_name" >
28-->src\main\AndroidManifest.xml:24:13-45
29        </activity>
30        <activity
30-->src\main\AndroidManifest.xml:26:10-29:20
31            android:name="com.android.ogrencimezunsistemi.activity.MenuActivity"
31-->src\main\AndroidManifest.xml:27:13-81
32            android:label="@string/app_name" >
32-->src\main\AndroidManifest.xml:28:13-45
33        </activity>
34        <activity
34-->src\main\AndroidManifest.xml:30:10-33:20
35            android:name="com.android.ogrencimezunsistemi.activity.AddFacultyActivity"
35-->src\main\AndroidManifest.xml:31:13-87
36            android:label="@string/app_name" >
36-->src\main\AndroidManifest.xml:32:13-45
37        </activity>
38        <activity
38-->src\main\AndroidManifest.xml:34:9-37:20
39            android:name="com.android.ogrencimezunsistemi.activity.AddStudentActivity"
39-->src\main\AndroidManifest.xml:35:13-87
40            android:label="@string/app_name" >
40-->src\main\AndroidManifest.xml:36:13-45
41        </activity>
42        <activity
42-->src\main\AndroidManifest.xml:38:9-41:20
43            android:name="com.android.ogrencimezunsistemi.activity.ViewFacultyActivity"
43-->src\main\AndroidManifest.xml:39:13-88
44            android:label="@string/app_name" >
44-->src\main\AndroidManifest.xml:40:13-45
45        </activity>
46        <activity
46-->src\main\AndroidManifest.xml:42:9-45:20
47            android:name="com.android.ogrencimezunsistemi.activity.ViewStudentActivity"
47-->src\main\AndroidManifest.xml:43:13-88
48            android:label="@string/app_name" >
48-->src\main\AndroidManifest.xml:44:13-45
49        </activity>
50        <activity
50-->src\main\AndroidManifest.xml:46:9-49:20
51            android:name="com.android.ogrencimezunsistemi.activity.TestActivity"
51-->src\main\AndroidManifest.xml:47:13-81
52            android:label="@string/app_name" >
52-->src\main\AndroidManifest.xml:48:13-45
53        </activity>
54        <activity
54-->src\main\AndroidManifest.xml:50:10-53:20
55            android:name="com.android.ogrencimezunsistemi.activity.ViewStudentByBranchYear"
55-->src\main\AndroidManifest.xml:51:13-92
56            android:label="@string/app_name" >
56-->src\main\AndroidManifest.xml:52:13-45
57        </activity>
58        <activity
58-->src\main\AndroidManifest.xml:54:11-57:20
59            android:name="com.android.ogrencimezunsistemi.activity.AddAttandanceSessionActivity"
59-->src\main\AndroidManifest.xml:55:13-97
60            android:label="@string/app_name" >
60-->src\main\AndroidManifest.xml:56:13-45
61        </activity>
62        <activity
62-->src\main\AndroidManifest.xml:58:10-61:20
63            android:name="com.android.ogrencimezunsistemi.activity.AddAttendanceActivity"
63-->src\main\AndroidManifest.xml:59:13-90
64            android:label="@string/app_name" >
64-->src\main\AndroidManifest.xml:60:13-45
65        </activity>
66        <activity
66-->src\main\AndroidManifest.xml:62:10-65:20
67            android:name="com.android.ogrencimezunsistemi.activity.ViewAttendanceByFacultyActivity"
67-->src\main\AndroidManifest.xml:63:13-100
68            android:label="@string/app_name" >
68-->src\main\AndroidManifest.xml:64:13-45
69        </activity>
70        <activity
70-->src\main\AndroidManifest.xml:66:10-69:20
71            android:name="com.android.ogrencimezunsistemi.activity.ViewAttendancePerStudentActivity"
71-->src\main\AndroidManifest.xml:67:13-101
72            android:label="@string/app_name" >
72-->src\main\AndroidManifest.xml:68:13-45
73        </activity>
74
75        <meta-data
75-->[com.android.support:support-v4:26.1.0] AndroidManifest.xml:26:9-28:38
76            android:name="android.support.VERSION"
76-->[com.android.support:support-v4:26.1.0] AndroidManifest.xml:27:13-51
77            android:value="26.1.0" />
77-->[com.android.support:support-v4:26.1.0] AndroidManifest.xml:28:13-35
78        <meta-data
78-->[android.arch.lifecycle:runtime:1.0.0] AndroidManifest.xml:25:9-27:47
79            android:name="android.arch.lifecycle.VERSION"
79-->[android.arch.lifecycle:runtime:1.0.0] AndroidManifest.xml:26:13-58
80            android:value="27.0.0-SNAPSHOT" />
80-->[android.arch.lifecycle:runtime:1.0.0] AndroidManifest.xml:27:13-44
81    </application>
82
83</manifest>